Vivado Simulator v2025.1.0
Copyright 1986-2022 Xilinx, Inc. All Rights Reserved.
Copyright 2022-2025 Advanced Micro Devices, Inc. All Rights Reserved.
Running: D:/Xilinx/2025.1/Vivado/bin/unwrapped/win64.o/xelab.exe --incr --debug typical --relax --mt 2 -L xil_defaultlib -L unisims_ver -L unimacro_ver -L secureip --snapshot testbench_behav xil_defaultlib.testbench xil_defaultlib.glbl -log elaborate.log 
Using 2 slave threads.
Starting static elaboration
Pass Through NonSizing Optimizer
Completed static elaboration
Starting simulation data flow analysis
WARNING: [XSIM 43-4099] "D:/Xilinx/projects/riscV_processor/riscV_processor.srcs/sources_1/imports/new/processor.v" Line 1. Module processor doesn't have a timescale but at least one module in design has a timescale.
WARNING: [XSIM 43-4099] "D:/Xilinx/projects/riscV_processor/riscV_processor.srcs/sources_1/imports/new/instr_mem.v" Line 1. Module instruction_mem doesn't have a timescale but at least one module in design has a timescale.
WARNING: [XSIM 43-4099] "D:/Xilinx/projects/riscV_processor/riscV_processor.srcs/sources_1/imports/new/control_unit.v" Line 1. Module control_unit doesn't have a timescale but at least one module in design has a timescale.
WARNING: [XSIM 43-4099] "D:/Xilinx/projects/riscV_processor/riscV_processor.srcs/sources_1/imports/new/control_unit.v" Line 51. Module main_decoder doesn't have a timescale but at least one module in design has a timescale.
WARNING: [XSIM 43-4099] "D:/Xilinx/projects/riscV_processor/riscV_processor.srcs/sources_1/imports/new/control_unit.v" Line 84. Module alu_decoder doesn't have a timescale but at least one module in design has a timescale.
WARNING: [XSIM 43-4099] "D:/Xilinx/projects/riscV_processor/riscV_processor.srcs/sources_1/imports/new/reg_file.v" Line 1. Module reg_file doesn't have a timescale but at least one module in design has a timescale.
WARNING: [XSIM 43-4099] "D:/Xilinx/projects/riscV_processor/riscV_processor.srcs/sources_1/imports/new/extend.v" Line 1. Module extend doesn't have a timescale but at least one module in design has a timescale.
WARNING: [XSIM 43-4099] "D:/Xilinx/projects/riscV_processor/riscV_processor.srcs/sources_1/imports/new/alu.v" Line 1. Module alu doesn't have a timescale but at least one module in design has a timescale.
WARNING: [XSIM 43-4099] "D:/Xilinx/projects/riscV_processor/riscV_processor.srcs/sources_1/imports/new/data_mem.v" Line 1. Module data_mem doesn't have a timescale but at least one module in design has a timescale.
WARNING: [XSIM 43-4099] "D:/Xilinx/projects/riscV_processor/riscV_processor.srcs/sources_1/imports/new/data_mem.v" Line 25. Module load_handler doesn't have a timescale but at least one module in design has a timescale.
WARNING: [XSIM 43-4099] "D:/Xilinx/projects/riscV_processor/riscV_processor.srcs/sources_1/imports/new/data_mem.v" Line 44. Module store_handler doesn't have a timescale but at least one module in design has a timescale.
WARNING: [XSIM 43-4099] "D:/Xilinx/projects/riscV_processor/riscV_processor.srcs/sources_1/imports/new/processor.v" Line 1. Module processor doesn't have a timescale but at least one module in design has a timescale.
WARNING: [XSIM 43-4099] "D:/Xilinx/projects/riscV_processor/riscV_processor.srcs/sources_1/imports/new/instr_mem.v" Line 1. Module instruction_mem doesn't have a timescale but at least one module in design has a timescale.
WARNING: [XSIM 43-4099] "D:/Xilinx/projects/riscV_processor/riscV_processor.srcs/sources_1/imports/new/control_unit.v" Line 1. Module control_unit doesn't have a timescale but at least one module in design has a timescale.
WARNING: [XSIM 43-4099] "D:/Xilinx/projects/riscV_processor/riscV_processor.srcs/sources_1/imports/new/control_unit.v" Line 51. Module main_decoder doesn't have a timescale but at least one module in design has a timescale.
WARNING: [XSIM 43-4099] "D:/Xilinx/projects/riscV_processor/riscV_processor.srcs/sources_1/imports/new/control_unit.v" Line 84. Module alu_decoder doesn't have a timescale but at least one module in design has a timescale.
WARNING: [XSIM 43-4099] "D:/Xilinx/projects/riscV_processor/riscV_processor.srcs/sources_1/imports/new/reg_file.v" Line 1. Module reg_file doesn't have a timescale but at least one module in design has a timescale.
WARNING: [XSIM 43-4099] "D:/Xilinx/projects/riscV_processor/riscV_processor.srcs/sources_1/imports/new/extend.v" Line 1. Module extend doesn't have a timescale but at least one module in design has a timescale.
WARNING: [XSIM 43-4099] "D:/Xilinx/projects/riscV_processor/riscV_processor.srcs/sources_1/imports/new/alu.v" Line 1. Module alu doesn't have a timescale but at least one module in design has a timescale.
WARNING: [XSIM 43-4099] "D:/Xilinx/projects/riscV_processor/riscV_processor.srcs/sources_1/imports/new/data_mem.v" Line 1. Module data_mem doesn't have a timescale but at least one module in design has a timescale.
WARNING: [XSIM 43-4099] "D:/Xilinx/projects/riscV_processor/riscV_processor.srcs/sources_1/imports/new/data_mem.v" Line 25. Module load_handler doesn't have a timescale but at least one module in design has a timescale.
WARNING: [XSIM 43-4099] "D:/Xilinx/projects/riscV_processor/riscV_processor.srcs/sources_1/imports/new/data_mem.v" Line 44. Module store_handler doesn't have a timescale but at least one module in design has a timescale.
Completed simulation data flow analysis
Time Resolution for simulation is 1ps
Compiling module xil_defaultlib.instruction_mem
Compiling module xil_defaultlib.main_decoder
Compiling module xil_defaultlib.alu_decoder
Compiling module xil_defaultlib.control_unit
Compiling module xil_defaultlib.reg_file
Compiling module xil_defaultlib.extend
Compiling module xil_defaultlib.alu
Compiling module xil_defaultlib.data_mem
Compiling module xil_defaultlib.load_handler
Compiling module xil_defaultlib.store_handler
Compiling module xil_defaultlib.processor
Compiling module xil_defaultlib.testbench
Compiling module xil_defaultlib.glbl
Built simulation snapshot testbench_behav
