INFO: [VRFC 10-2263] Analyzing Verilog file "D:/Xilinx/projects/riscV_processor/riscV_processor.srcs/sources_1/imports/new/alu.v" into library xil_defaultlib
INFO: [VRFC 10-311] analyzing module alu
INFO: [VRFC 10-2263] Analyzing Verilog file "D:/Xilinx/projects/riscV_processor/riscV_processor.srcs/sources_1/imports/new/control_unit.v" into library xil_defaultlib
INFO: [VRFC 10-311] analyzing module control_unit
INFO: [VRFC 10-311] analyzing module main_decoder
INFO: [VRFC 10-311] analyzing module alu_decoder
INFO: [VRFC 10-2263] Analyzing Verilog file "D:/Xilinx/projects/riscV_processor/riscV_processor.srcs/sources_1/imports/new/data_mem.v" into library xil_defaultlib
INFO: [VRFC 10-311] analyzing module data_mem
INFO: [VRFC 10-311] analyzing module load_handler
INFO: [VRFC 10-311] analyzing module store_handler
INFO: [VRFC 10-2263] Analyzing Verilog file "D:/Xilinx/projects/riscV_processor/riscV_processor.srcs/sources_1/imports/new/extend.v" into library xil_defaultlib
INFO: [VRFC 10-311] analyzing module extend
INFO: [VRFC 10-2263] Analyzing Verilog file "D:/Xilinx/projects/riscV_processor/riscV_processor.srcs/sources_1/imports/new/instr_mem.v" into library xil_defaultlib
INFO: [VRFC 10-311] analyzing module instruction_mem
INFO: [VRFC 10-2263] Analyzing Verilog file "D:/Xilinx/projects/riscV_processor/riscV_processor.srcs/sources_1/imports/new/processor.v" into library xil_defaultlib
INFO: [VRFC 10-311] analyzing module processor
INFO: [VRFC 10-2263] Analyzing Verilog file "D:/Xilinx/projects/riscV_processor/riscV_processor.srcs/sources_1/imports/new/reg_file.v" into library xil_defaultlib
INFO: [VRFC 10-311] analyzing module reg_file
INFO: [VRFC 10-2263] Analyzing Verilog file "D:/Xilinx/projects/riscV_processor/riscV_processor.srcs/sim_1/new/testbench2.v" into library xil_defaultlib
INFO: [VRFC 10-311] analyzing module testbench
WARNING: [VRFC 10-8374] loop variable declaration is not allowed in this mode of Verilog [D:/Xilinx/projects/riscV_processor/riscV_processor.srcs/sim_1/new/testbench2.v:47]
